<?xml version="1.0" encoding="UTF-8"?>
<testng-results skipped="0" failed="0" total="1" passed="1">
  <reporter-output>
  </reporter-output>
  <suite name="com.test.BasicTest" duration-ms="48" started-at="2016-01-17T22:17:09Z" finished-at="2016-01-17T22:17:09Z">
    <groups>
    </groups>
    <test name="Command line test" duration-ms="48" started-at="2016-01-17T22:17:09Z" finished-at="2016-01-17T22:17:09Z">
      <class name="com.test.BasicTest">
        <test-method status="PASS" signature="initDriver()" name="initDriver" is-config="true" duration-ms="5394" started-at="2016-01-17T22:17:03Z" finished-at="2016-01-17T22:17:09Z">
        </test-method>
        <test-method status="PASS" signature="goToSite()" name="goToSite" duration-ms="34" started-at="2016-01-17T22:17:09Z" finished-at="2016-01-17T22:17:09Z">
        </test-method>
        <test-method status="PASS" signature="quiteDriver()" name="quiteDriver" is-config="true" duration-ms="0" started-at="2016-01-17T22:17:09Z" finished-at="2016-01-17T22:17:09Z">
        </test-method>
      </class>
    </test>
  </suite>
</testng-results>
